<?xml version="1.0" encoding="UTF-8"?>
<testng-results skipped="0" failed="0" ignored="0" total="1" passed="1">
  <reporter-output>
  </reporter-output>
  <suite name="test" duration-ms="9991" started-at="2022-02-22T11:07:18 IST" finished-at="2022-02-22T11:07:28 IST">
    <groups>
    </groups>
    <test name="Test1" duration-ms="9991" started-at="2022-02-22T11:07:18 IST" finished-at="2022-02-22T11:07:28 IST">
      <class name="mavenforjenkins.UITest">
        <test-method status="PASS" signature="startBrowser(java.lang.String)[pri:0, instance:mavenforjenkins.UITest@51e2adc7]" name="startBrowser" duration-ms="9941" started-at="2022-02-22T11:07:18 IST" finished-at="2022-02-22T11:07:28 IST">
          <params>
            <param index="0">
              <value>
                <![CDATA[Chrome]]>
              </value>
            </param>
          </params>
          <reporter-output>
          </reporter-output>
        </test-method> <!-- startBrowser -->
      </class> <!-- mavenforjenkins.UITest -->
    </test> <!-- Test1 -->
  </suite> <!-- test -->
</testng-results>
